<?xml version="1.0" encoding="UTF-8"?>
<coverage generated="1563129881609" clover="3.2.0">
  <project timestamp="1563129881609" name="All files">
    <metrics statements="41" coveredstatements="30" conditionals="18" coveredconditionals="13" methods="15" coveredmethods="11" elements="74" coveredelements="54" complexity="0" loc="41" ncloc="41" packages="1" files="1" classes="1"/>
    <file name="helper.js" path="/home/nick/Hexlet/project-lvl2/project-lvl2-s401/src/lib/helper.js">
      <metrics statements="41" coveredstatements="30" conditionals="18" coveredconditionals="13" methods="15" coveredmethods="11"/>
      <line num="5" count="1" type="stmt"/>
      <line num="7" count="1" type="stmt"/>
      <line num="8" count="3" type="stmt"/>
      <line num="9" count="3" type="cond" truecount="1" falsecount="1"/>
      <line num="10" count="0" type="stmt"/>
      <line num="11" count="0" type="stmt"/>
      <line num="13" count="3" type="stmt"/>
      <line num="14" count="3" type="stmt"/>
      <line num="16" count="0" type="stmt"/>
      <line num="17" count="0" type="stmt"/>
      <line num="21" count="1" type="stmt"/>
      <line num="27" count="1" type="stmt"/>
      <line num="28" count="0" type="cond" truecount="0" falsecount="2"/>
      <line num="29" count="0" type="cond" truecount="0" falsecount="2"/>
      <line num="33" count="0" type="stmt"/>
      <line num="36" count="1" type="stmt"/>
      <line num="37" count="0" type="stmt"/>
      <line num="42" count="1" type="stmt"/>
      <line num="43" count="0" type="stmt"/>
      <line num="44" count="0" type="stmt"/>
      <line num="45" count="0" type="stmt"/>
      <line num="54" count="1" type="stmt"/>
      <line num="55" count="36" type="cond" truecount="2" falsecount="0"/>
      <line num="56" count="18" type="stmt"/>
      <line num="58" count="18" type="cond" truecount="2" falsecount="0"/>
      <line num="59" count="12" type="stmt"/>
      <line num="61" count="6" type="stmt"/>
      <line num="64" count="24" type="cond" truecount="2" falsecount="0"/>
      <line num="66" count="18" type="stmt"/>
      <line num="67" count="18" type="stmt"/>
      <line num="70" count="3" type="stmt"/>
      <line num="71" count="18" type="stmt"/>
      <line num="73" count="3" type="cond" truecount="2" falsecount="0"/>
      <line num="75" count="18" type="stmt"/>
      <line num="76" count="18" type="stmt"/>
      <line num="77" count="63" type="stmt"/>
      <line num="78" count="63" type="cond" truecount="4" falsecount="0"/>
      <line num="82" count="1" type="stmt"/>
      <line num="83" count="3" type="stmt"/>
      <line num="84" count="3" type="stmt"/>
      <line num="85" count="3" type="stmt"/>
    </file>
  </project>
</coverage>
