<?xml version="1.0" encoding="UTF-8"?>
<coverage generated="1563212020588" clover="3.2.0">
  <project timestamp="1563212020589" name="All files">
    <metrics statements="45" coveredstatements="43" conditionals="18" coveredconditionals="18" methods="19" coveredmethods="19" elements="82" coveredelements="80" complexity="0" loc="45" ncloc="45" packages="2" files="3" classes="3"/>
    <package name="src">
      <metrics statements="1" coveredstatements="1" conditionals="0" coveredconditionals="0" methods="1" coveredmethods="1"/>
      <file name="index.js" path="/home/nick/Hexlet/project-lvl2/project-lvl2-s401/src/index.js">
        <metrics statements="1" coveredstatements="1" conditionals="0" coveredconditionals="0" methods="1" coveredmethods="1"/>
        <line num="3" count="4" type="stmt"/>
      </file>
    </package>
    <package name="src.lib">
      <metrics statements="44" coveredstatements="42" conditionals="18" coveredconditionals="18" methods="18" coveredmethods="18"/>
      <file name="helper.js" path="/home/nick/Hexlet/project-lvl2/project-lvl2-s401/src/lib/helper.js">
        <metrics statements="41" coveredstatements="39" conditionals="18" coveredconditionals="18" methods="15" coveredmethods="15"/>
        <line num="6" count="1" type="stmt"/>
        <line num="8" count="1" type="stmt"/>
        <line num="9" count="12" type="stmt"/>
        <line num="10" count="12" type="cond" truecount="2" falsecount="0"/>
        <line num="11" count="8" type="stmt"/>
        <line num="12" count="8" type="stmt"/>
        <line num="14" count="4" type="stmt"/>
        <line num="15" count="4" type="stmt"/>
        <line num="17" count="0" type="stmt"/>
        <line num="18" count="0" type="stmt"/>
        <line num="22" count="1" type="stmt"/>
        <line num="28" count="1" type="stmt"/>
        <line num="29" count="28" type="cond" truecount="2" falsecount="0"/>
        <line num="30" count="16" type="cond" truecount="2" falsecount="0"/>
        <line num="34" count="12" type="stmt"/>
        <line num="37" count="8" type="stmt"/>
        <line num="38" count="28" type="stmt"/>
        <line num="43" count="1" type="stmt"/>
        <line num="44" count="4" type="stmt"/>
        <line num="45" count="4" type="stmt"/>
        <line num="46" count="4" type="stmt"/>
        <line num="55" count="1" type="stmt"/>
        <line num="56" count="48" type="cond" truecount="2" falsecount="0"/>
        <line num="57" count="24" type="stmt"/>
        <line num="59" count="24" type="cond" truecount="2" falsecount="0"/>
        <line num="60" count="16" type="stmt"/>
        <line num="62" count="8" type="stmt"/>
        <line num="65" count="32" type="cond" truecount="2" falsecount="0"/>
        <line num="67" count="24" type="stmt"/>
        <line num="68" count="24" type="stmt"/>
        <line num="71" count="4" type="stmt"/>
        <line num="72" count="24" type="stmt"/>
        <line num="74" count="4" type="cond" truecount="2" falsecount="0"/>
        <line num="76" count="24" type="stmt"/>
        <line num="77" count="24" type="stmt"/>
        <line num="78" count="84" type="stmt"/>
        <line num="79" count="84" type="cond" truecount="4" falsecount="0"/>
        <line num="83" count="1" type="stmt"/>
        <line num="84" count="4" type="stmt"/>
        <line num="85" count="4" type="stmt"/>
        <line num="86" count="4" type="stmt"/>
      </file>
      <file name="parsers.js" path="/home/nick/Hexlet/project-lvl2/project-lvl2-s401/src/lib/parsers.js">
        <metrics statements="3" coveredstatements="3" conditionals="0" coveredconditionals="0" methods="3" coveredmethods="3"/>
        <line num="7" count="8" type="stmt"/>
        <line num="9" count="8" type="stmt"/>
        <line num="14" count="8" type="stmt"/>
      </file>
    </package>
  </project>
</coverage>
