{"/home/nick/Hexlet/project-lvl2/project-lvl2-s401/src/index.js": {"path":"/home/nick/Hexlet/project-lvl2/project-lvl2-s401/src/index.js","statementMap":{"0":{"start":{"line":3,"column":13},"end":{"line":3,"column":79}},"1":{"start":{"line":3,"column":44},"end":{"line":3,"column":79}}},"fnMap":{"0":{"name":"(anonymous_0)","decl":{"start":{"line":3,"column":13},"end":{"line":3,"column":14}},"loc":{"start":{"line":3,"column":44},"end":{"line":3,"column":79}},"line":3}},"branchMap":{},"s":{"0":1,"1":4},"f":{"0":4},"b":{},"_coverageSchema":"43e27e138ebf9cfc5966b082cf9a028302ed4184","hash":"a30c7ebc3fdac734e631357ea2c9997616c4b1f8"}
,"/home/nick/Hexlet/project-lvl2/project-lvl2-s401/src/lib/helper.js": {"path":"/home/nick/Hexlet/project-lvl2/project-lvl2-s401/src/lib/helper.js","statementMap":{"0":{"start":{"line":6,"column":20},"end":{"line":6,"column":70}},"1":{"start":{"line":8,"column":31},"end":{"line":20,"column":1}},"2":{"start":{"line":9,"column":2},"end":{"line":19,"column":3}},"3":{"start":{"line":10,"column":4},"end":{"line":13,"column":5}},"4":{"start":{"line":11,"column":27},"end":{"line":11,"column":59}},"5":{"start":{"line":12,"column":6},"end":{"line":12,"column":48}},"6":{"start":{"line":14,"column":29},"end":{"line":14,"column":46}},"7":{"start":{"line":15,"column":4},"end":{"line":15,"column":50}},"8":{"start":{"line":17,"column":4},"end":{"line":17,"column":33}},"9":{"start":{"line":18,"column":4},"end":{"line":18,"column":19}},"10":{"start":{"line":22,"column":23},"end":{"line":26,"column":1}},"11":{"start":{"line":28,"column":31},"end":{"line":35,"column":1}},"12":{"start":{"line":29,"column":2},"end":{"line":33,"column":3}},"13":{"start":{"line":30,"column":4},"end":{"line":32,"column":117}},"14":{"start":{"line":34,"column":2},"end":{"line":34,"column":66}},"15":{"start":{"line":37,"column":38},"end":{"line":41,"column":9}},"16":{"start":{"line":37,"column":92},"end":{"line":41,"column":9}},"17":{"start":{"line":38,"column":49},"end":{"line":41,"column":3}},"18":{"start":{"line":43,"column":46},"end":{"line":52,"column":1}},"19":{"start":{"line":44,"column":21},"end":{"line":44,"column":71}},"20":{"start":{"line":45,"column":20},"end":{"line":45,"column":69}},"21":{"start":{"line":46,"column":2},"end":{"line":51,"column":4}},"22":{"start":{"line":55,"column":21},"end":{"line":63,"column":1}},"23":{"start":{"line":56,"column":2},"end":{"line":58,"column":3}},"24":{"start":{"line":57,"column":4},"end":{"line":57,"column":56}},"25":{"start":{"line":59,"column":2},"end":{"line":61,"column":3}},"26":{"start":{"line":60,"column":4},"end":{"line":60,"column":53}},"27":{"start":{"line":62,"column":2},"end":{"line":62,"column":43}},"28":{"start":{"line":65,"column":37},"end":{"line":69,"column":4}},"29":{"start":{"line":65,"column":55},"end":{"line":69,"column":4}},"30":{"start":{"line":65,"column":96},"end":{"line":65,"column":122}},"31":{"start":{"line":67,"column":25},"end":{"line":67,"column":39}},"32":{"start":{"line":68,"column":4},"end":{"line":68,"column":55}},"33":{"start":{"line":71,"column":33},"end":{"line":72,"column":127}},"34":{"start":{"line":71,"column":56},"end":{"line":72,"column":127}},"35":{"start":{"line":72,"column":32},"end":{"line":72,"column":122}},"36":{"start":{"line":74,"column":22},"end":{"line":81,"column":4}},"37":{"start":{"line":74,"column":51},"end":{"line":81,"column":4}},"38":{"start":{"line":76,"column":34},"end":{"line":76,"column":35}},"39":{"start":{"line":77,"column":4},"end":{"line":80,"column":7}},"40":{"start":{"line":78,"column":36},"end":{"line":78,"column":37}},"41":{"start":{"line":79,"column":6},"end":{"line":79,"column":94}},"42":{"start":{"line":83,"column":29},"end":{"line":87,"column":1}},"43":{"start":{"line":84,"column":23},"end":{"line":84,"column":68}},"44":{"start":{"line":85,"column":26},"end":{"line":85,"column":70}},"45":{"start":{"line":86,"column":2},"end":{"line":86,"column":54}}},"fnMap":{"0":{"name":"(anonymous_0)","decl":{"start":{"line":8,"column":31},"end":{"line":8,"column":32}},"loc":{"start":{"line":8,"column":45},"end":{"line":20,"column":1}},"line":8},"1":{"name":"(anonymous_1)","decl":{"start":{"line":28,"column":31},"end":{"line":28,"column":32}},"loc":{"start":{"line":28,"column":89},"end":{"line":35,"column":1}},"line":28},"2":{"name":"(anonymous_2)","decl":{"start":{"line":37,"column":38},"end":{"line":37,"column":39}},"loc":{"start":{"line":37,"column":92},"end":{"line":41,"column":9}},"line":37},"3":{"name":"(anonymous_3)","decl":{"start":{"line":38,"column":27},"end":{"line":38,"column":28}},"loc":{"start":{"line":38,"column":49},"end":{"line":41,"column":3}},"line":38},"4":{"name":"(anonymous_4)","decl":{"start":{"line":43,"column":46},"end":{"line":43,"column":47}},"loc":{"start":{"line":43,"column":73},"end":{"line":52,"column":1}},"line":43},"5":{"name":"(anonymous_5)","decl":{"start":{"line":55,"column":21},"end":{"line":55,"column":22}},"loc":{"start":{"line":55,"column":30},"end":{"line":63,"column":1}},"line":55},"6":{"name":"(anonymous_6)","decl":{"start":{"line":65,"column":37},"end":{"line":65,"column":38}},"loc":{"start":{"line":65,"column":55},"end":{"line":69,"column":4}},"line":65},"7":{"name":"(anonymous_7)","decl":{"start":{"line":65,"column":89},"end":{"line":65,"column":90}},"loc":{"start":{"line":65,"column":96},"end":{"line":65,"column":122}},"line":65},"8":{"name":"(anonymous_8)","decl":{"start":{"line":66,"column":7},"end":{"line":66,"column":8}},"loc":{"start":{"line":66,"column":16},"end":{"line":69,"column":3}},"line":66},"9":{"name":"(anonymous_9)","decl":{"start":{"line":71,"column":33},"end":{"line":71,"column":34}},"loc":{"start":{"line":71,"column":56},"end":{"line":72,"column":127}},"line":71},"10":{"name":"(anonymous_10)","decl":{"start":{"line":72,"column":10},"end":{"line":72,"column":11}},"loc":{"start":{"line":72,"column":32},"end":{"line":72,"column":122}},"line":72},"11":{"name":"(anonymous_11)","decl":{"start":{"line":74,"column":22},"end":{"line":74,"column":23}},"loc":{"start":{"line":74,"column":51},"end":{"line":81,"column":4}},"line":74},"12":{"name":"(anonymous_12)","decl":{"start":{"line":75,"column":22},"end":{"line":75,"column":23}},"loc":{"start":{"line":75,"column":29},"end":{"line":81,"column":3}},"line":75},"13":{"name":"(anonymous_13)","decl":{"start":{"line":77,"column":28},"end":{"line":77,"column":29}},"loc":{"start":{"line":77,"column":35},"end":{"line":80,"column":5}},"line":77},"14":{"name":"(anonymous_14)","decl":{"start":{"line":83,"column":29},"end":{"line":83,"column":30}},"loc":{"start":{"line":83,"column":70},"end":{"line":87,"column":1}},"line":83}},"branchMap":{"0":{"loc":{"start":{"line":10,"column":4},"end":{"line":13,"column":5}},"type":"if","locations":[{"start":{"line":10,"column":4},"end":{"line":13,"column":5}},{"start":{"line":10,"column":4},"end":{"line":13,"column":5}}],"line":10},"1":{"loc":{"start":{"line":29,"column":2},"end":{"line":33,"column":3}},"type":"if","locations":[{"start":{"line":29,"column":2},"end":{"line":33,"column":3}},{"start":{"line":29,"column":2},"end":{"line":33,"column":3}}],"line":29},"2":{"loc":{"start":{"line":30,"column":11},"end":{"line":32,"column":116}},"type":"cond-expr","locations":[{"start":{"line":31,"column":8},"end":{"line":31,"column":71}},{"start":{"line":32,"column":8},"end":{"line":32,"column":116}}],"line":30},"3":{"loc":{"start":{"line":56,"column":2},"end":{"line":58,"column":3}},"type":"if","locations":[{"start":{"line":56,"column":2},"end":{"line":58,"column":3}},{"start":{"line":56,"column":2},"end":{"line":58,"column":3}}],"line":56},"4":{"loc":{"start":{"line":59,"column":2},"end":{"line":61,"column":3}},"type":"if","locations":[{"start":{"line":59,"column":2},"end":{"line":61,"column":3}},{"start":{"line":59,"column":2},"end":{"line":61,"column":3}}],"line":59},"5":{"loc":{"start":{"line":65,"column":96},"end":{"line":65,"column":122}},"type":"binary-expr","locations":[{"start":{"line":65,"column":96},"end":{"line":65,"column":107}},{"start":{"line":65,"column":111},"end":{"line":65,"column":122}}],"line":65},"6":{"loc":{"start":{"line":74,"column":51},"end":{"line":81,"column":4}},"type":"binary-expr","locations":[{"start":{"line":74,"column":51},"end":{"line":74,"column":91}},{"start":{"line":75,"column":5},"end":{"line":81,"column":4}}],"line":74},"7":{"loc":{"start":{"line":79,"column":14},"end":{"line":79,"column":92}},"type":"binary-expr","locations":[{"start":{"line":79,"column":14},"end":{"line":79,"column":35}},{"start":{"line":79,"column":39},"end":{"line":79,"column":54}},{"start":{"line":79,"column":58},"end":{"line":79,"column":71}},{"start":{"line":79,"column":75},"end":{"line":79,"column":92}}],"line":79}},"s":{"0":1,"1":1,"2":12,"3":12,"4":8,"5":8,"6":4,"7":4,"8":0,"9":0,"10":1,"11":1,"12":28,"13":16,"14":12,"15":1,"16":8,"17":28,"18":1,"19":4,"20":4,"21":4,"22":1,"23":48,"24":24,"25":24,"26":16,"27":8,"28":1,"29":4,"30":32,"31":24,"32":24,"33":1,"34":4,"35":24,"36":1,"37":4,"38":24,"39":24,"40":84,"41":84,"42":1,"43":4,"44":4,"45":4},"f":{"0":12,"1":28,"2":8,"3":28,"4":4,"5":48,"6":4,"7":32,"8":24,"9":4,"10":24,"11":4,"12":24,"13":84,"14":4},"b":{"0":[8,4],"1":[16,12],"2":[8,8],"3":[24,24],"4":[16,8],"5":[32,28],"6":[4,4],"7":[84,84,40,24]},"_coverageSchema":"43e27e138ebf9cfc5966b082cf9a028302ed4184","hash":"806a9d1ff515205308b8a27b958ed5a01f7e449d"}
,"/home/nick/Hexlet/project-lvl2/project-lvl2-s401/src/lib/parsers.js": {"path":"/home/nick/Hexlet/project-lvl2/project-lvl2-s401/src/lib/parsers.js","statementMap":{"0":{"start":{"line":7,"column":21},"end":{"line":7,"column":42}},"1":{"start":{"line":7,"column":29},"end":{"line":7,"column":42}},"2":{"start":{"line":9,"column":21},"end":{"line":12,"column":2}},"3":{"start":{"line":9,"column":28},"end":{"line":12,"column":1}},"4":{"start":{"line":14,"column":18},"end":{"line":14,"column":60}},"5":{"start":{"line":14,"column":26},"end":{"line":14,"column":60}}},"fnMap":{"0":{"name":"(anonymous_0)","decl":{"start":{"line":7,"column":21},"end":{"line":7,"column":22}},"loc":{"start":{"line":7,"column":29},"end":{"line":7,"column":42}},"line":7},"1":{"name":"(anonymous_1)","decl":{"start":{"line":9,"column":21},"end":{"line":9,"column":22}},"loc":{"start":{"line":9,"column":28},"end":{"line":12,"column":1}},"line":9},"2":{"name":"(anonymous_2)","decl":{"start":{"line":14,"column":18},"end":{"line":14,"column":19}},"loc":{"start":{"line":14,"column":26},"end":{"line":14,"column":60}},"line":14}},"branchMap":{},"s":{"0":1,"1":8,"2":1,"3":8,"4":1,"5":8},"f":{"0":8,"1":8,"2":8},"b":{},"_coverageSchema":"43e27e138ebf9cfc5966b082cf9a028302ed4184","hash":"2f6fade0736dcf13e6b1949667550cd46abcf91b"}
}
