{"/home/nick/Hexlet/project-lvl2/project-lvl2-s401/src/index.js": {"path":"/home/nick/Hexlet/project-lvl2/project-lvl2-s401/src/index.js","statementMap":{"0":{"start":{"line":3,"column":46},"end":{"line":5,"column":1}}},"fnMap":{"0":{"name":"(anonymous_0)","decl":{"start":{"line":3,"column":15},"end":{"line":3,"column":16}},"loc":{"start":{"line":3,"column":46},"end":{"line":5,"column":1}},"line":3}},"branchMap":{},"s":{"0":6},"f":{"0":6},"b":{},"_coverageSchema":"43e27e138ebf9cfc5966b082cf9a028302ed4184","hash":"21b6d2b9d19a1a8000f887962ab137939c28ad69"}
,"/home/nick/Hexlet/project-lvl2/project-lvl2-s401/src/lib/helper.js": {"path":"/home/nick/Hexlet/project-lvl2/project-lvl2-s401/src/lib/helper.js","statementMap":{"0":{"start":{"line":10,"column":28},"end":{"line":10,"column":79}},"1":{"start":{"line":12,"column":31},"end":{"line":24,"column":1}},"2":{"start":{"line":13,"column":2},"end":{"line":23,"column":3}},"3":{"start":{"line":14,"column":4},"end":{"line":17,"column":5}},"4":{"start":{"line":15,"column":27},"end":{"line":15,"column":67}},"5":{"start":{"line":16,"column":6},"end":{"line":16,"column":48}},"6":{"start":{"line":18,"column":29},"end":{"line":18,"column":46}},"7":{"start":{"line":19,"column":4},"end":{"line":19,"column":50}},"8":{"start":{"line":21,"column":4},"end":{"line":21,"column":33}},"9":{"start":{"line":22,"column":4},"end":{"line":22,"column":19}},"10":{"start":{"line":26,"column":22},"end":{"line":37,"column":1}},"11":{"start":{"line":27,"column":19},"end":{"line":30,"column":7}},"12":{"start":{"line":28,"column":26},"end":{"line":29,"column":71}},"13":{"start":{"line":32,"column":2},"end":{"line":36,"column":14}},"14":{"start":{"line":33,"column":19},"end":{"line":33,"column":42}},"15":{"start":{"line":34,"column":26},"end":{"line":35,"column":71}},"16":{"start":{"line":39,"column":29},"end":{"line":43,"column":1}},"17":{"start":{"line":40,"column":19},"end":{"line":40,"column":69}},"18":{"start":{"line":41,"column":19},"end":{"line":41,"column":68}},"19":{"start":{"line":42,"column":2},"end":{"line":42,"column":43}},"20":{"start":{"line":46,"column":13},"end":{"line":53,"column":1}},"21":{"start":{"line":47,"column":15},"end":{"line":50,"column":76}},"22":{"start":{"line":47,"column":23},"end":{"line":50,"column":76}},"23":{"start":{"line":48,"column":20},"end":{"line":48,"column":46}},"24":{"start":{"line":49,"column":18},"end":{"line":50,"column":74}},"25":{"start":{"line":52,"column":2},"end":{"line":52,"column":20}},"26":{"start":{"line":55,"column":26},"end":{"line":61,"column":1}},"27":{"start":{"line":56,"column":21},"end":{"line":56,"column":31}},"28":{"start":{"line":57,"column":15},"end":{"line":59,"column":5}},"29":{"start":{"line":57,"column":49},"end":{"line":59,"column":5}},"30":{"start":{"line":57,"column":76},"end":{"line":58,"column":54}},"31":{"start":{"line":60,"column":2},"end":{"line":60,"column":78}}},"fnMap":{"0":{"name":"(anonymous_0)","decl":{"start":{"line":12,"column":31},"end":{"line":12,"column":32}},"loc":{"start":{"line":12,"column":45},"end":{"line":24,"column":1}},"line":12},"1":{"name":"(anonymous_1)","decl":{"start":{"line":26,"column":22},"end":{"line":26,"column":23}},"loc":{"start":{"line":26,"column":53},"end":{"line":37,"column":1}},"line":26},"2":{"name":"(anonymous_2)","decl":{"start":{"line":28,"column":12},"end":{"line":28,"column":13}},"loc":{"start":{"line":28,"column":26},"end":{"line":29,"column":71}},"line":28},"3":{"name":"(anonymous_3)","decl":{"start":{"line":33,"column":12},"end":{"line":33,"column":13}},"loc":{"start":{"line":33,"column":19},"end":{"line":33,"column":42}},"line":33},"4":{"name":"(anonymous_4)","decl":{"start":{"line":34,"column":12},"end":{"line":34,"column":13}},"loc":{"start":{"line":34,"column":26},"end":{"line":35,"column":71}},"line":34},"5":{"name":"(anonymous_5)","decl":{"start":{"line":39,"column":29},"end":{"line":39,"column":30}},"loc":{"start":{"line":39,"column":56},"end":{"line":43,"column":1}},"line":39},"6":{"name":"(anonymous_6)","decl":{"start":{"line":46,"column":13},"end":{"line":46,"column":14}},"loc":{"start":{"line":46,"column":23},"end":{"line":53,"column":1}},"line":46},"7":{"name":"(anonymous_7)","decl":{"start":{"line":47,"column":15},"end":{"line":47,"column":16}},"loc":{"start":{"line":47,"column":23},"end":{"line":50,"column":76}},"line":47},"8":{"name":"(anonymous_8)","decl":{"start":{"line":48,"column":10},"end":{"line":48,"column":11}},"loc":{"start":{"line":48,"column":20},"end":{"line":48,"column":46}},"line":48},"9":{"name":"(anonymous_9)","decl":{"start":{"line":49,"column":9},"end":{"line":49,"column":10}},"loc":{"start":{"line":49,"column":18},"end":{"line":50,"column":74}},"line":49},"10":{"name":"(anonymous_10)","decl":{"start":{"line":55,"column":26},"end":{"line":55,"column":27}},"loc":{"start":{"line":55,"column":36},"end":{"line":61,"column":1}},"line":55},"11":{"name":"(anonymous_11)","decl":{"start":{"line":57,"column":15},"end":{"line":57,"column":16}},"loc":{"start":{"line":57,"column":49},"end":{"line":59,"column":5}},"line":57},"12":{"name":"(anonymous_12)","decl":{"start":{"line":57,"column":61},"end":{"line":57,"column":62}},"loc":{"start":{"line":57,"column":76},"end":{"line":58,"column":54}},"line":57}},"branchMap":{"0":{"loc":{"start":{"line":14,"column":4},"end":{"line":17,"column":5}},"type":"if","locations":[{"start":{"line":14,"column":4},"end":{"line":17,"column":5}},{"start":{"line":14,"column":4},"end":{"line":17,"column":5}}],"line":14},"1":{"loc":{"start":{"line":49,"column":18},"end":{"line":50,"column":74}},"type":"cond-expr","locations":[{"start":{"line":50,"column":8},"end":{"line":50,"column":67}},{"start":{"line":50,"column":70},"end":{"line":50,"column":74}}],"line":49},"2":{"loc":{"start":{"line":57,"column":22},"end":{"line":57,"column":31}},"type":"default-arg","locations":[{"start":{"line":57,"column":30},"end":{"line":57,"column":31}}],"line":57}},"s":{"0":1,"1":1,"2":12,"3":12,"4":12,"5":12,"6":0,"7":0,"8":0,"9":0,"10":1,"11":15,"12":45,"13":15,"14":51,"15":18,"16":1,"17":6,"18":6,"19":6,"20":1,"21":6,"22":15,"23":72,"24":63,"25":6,"26":1,"27":6,"28":6,"29":15,"30":63,"31":6},"f":{"0":12,"1":15,"2":45,"3":51,"4":18,"5":6,"6":6,"7":15,"8":72,"9":63,"10":6,"11":15,"12":63},"b":{"0":[12,0],"1":[9,54],"2":[6]},"_coverageSchema":"43e27e138ebf9cfc5966b082cf9a028302ed4184","hash":"dba6fbfcd7b4211c43998588355057f784bcbc61"}
,"/home/nick/Hexlet/project-lvl2/project-lvl2-s401/src/lib/parsers.js": {"path":"/home/nick/Hexlet/project-lvl2/project-lvl2-s401/src/lib/parsers.js","statementMap":{"0":{"start":{"line":7,"column":18},"end":{"line":7,"column":28}},"1":{"start":{"line":10,"column":21},"end":{"line":10,"column":42}},"2":{"start":{"line":10,"column":29},"end":{"line":10,"column":42}},"3":{"start":{"line":12,"column":21},"end":{"line":16,"column":2}},"4":{"start":{"line":12,"column":28},"end":{"line":16,"column":1}},"5":{"start":{"line":18,"column":18},"end":{"line":18,"column":60}},"6":{"start":{"line":18,"column":26},"end":{"line":18,"column":60}}},"fnMap":{"0":{"name":"(anonymous_0)","decl":{"start":{"line":10,"column":21},"end":{"line":10,"column":22}},"loc":{"start":{"line":10,"column":29},"end":{"line":10,"column":42}},"line":10},"1":{"name":"(anonymous_1)","decl":{"start":{"line":12,"column":21},"end":{"line":12,"column":22}},"loc":{"start":{"line":12,"column":28},"end":{"line":16,"column":1}},"line":12},"2":{"name":"(anonymous_2)","decl":{"start":{"line":18,"column":18},"end":{"line":18,"column":19}},"loc":{"start":{"line":18,"column":26},"end":{"line":18,"column":60}},"line":18}},"branchMap":{},"s":{"0":1,"1":1,"2":12,"3":1,"4":12,"5":1,"6":12},"f":{"0":12,"1":12,"2":12},"b":{},"_coverageSchema":"43e27e138ebf9cfc5966b082cf9a028302ed4184","hash":"ce947a0fca5c7bf921c75a02282bdf9817bbf7c0"}
,"/home/nick/Hexlet/project-lvl2/project-lvl2-s401/src/nodes/AddedNode.js": {"path":"/home/nick/Hexlet/project-lvl2/project-lvl2-s401/src/nodes/AddedNode.js","statementMap":{"0":{"start":{"line":4,"column":2},"end":{"line":4,"column":37}}},"fnMap":{"0":{"name":"AddedNode","decl":{"start":{"line":3,"column":24},"end":{"line":3,"column":33}},"loc":{"start":{"line":3,"column":46},"end":{"line":5,"column":1}},"line":3}},"branchMap":{},"s":{"0":18},"f":{"0":18},"b":{},"_coverageSchema":"43e27e138ebf9cfc5966b082cf9a028302ed4184","hash":"627b679edf92507ac4922063e9c9604c076612f6"}
,"/home/nick/Hexlet/project-lvl2/project-lvl2-s401/src/nodes/Node.js": {"path":"/home/nick/Hexlet/project-lvl2/project-lvl2-s401/src/nodes/Node.js","statementMap":{"0":{"start":{"line":2,"column":2},"end":{"line":2,"column":17}},"1":{"start":{"line":3,"column":2},"end":{"line":3,"column":21}},"2":{"start":{"line":4,"column":2},"end":{"line":4,"column":27}}},"fnMap":{"0":{"name":"Node","decl":{"start":{"line":1,"column":24},"end":{"line":1,"column":28}},"loc":{"start":{"line":1,"column":65},"end":{"line":5,"column":1}},"line":1}},"branchMap":{"0":{"loc":{"start":{"line":1,"column":36},"end":{"line":1,"column":46}},"type":"default-arg","locations":[{"start":{"line":1,"column":44},"end":{"line":1,"column":46}}],"line":1},"1":{"loc":{"start":{"line":1,"column":48},"end":{"line":1,"column":61}},"type":"default-arg","locations":[{"start":{"line":1,"column":59},"end":{"line":1,"column":61}}],"line":1}},"s":{"0":72,"1":72,"2":72},"f":{"0":72},"b":{"0":[30],"1":[54]},"_coverageSchema":"43e27e138ebf9cfc5966b082cf9a028302ed4184","hash":"6f55ae445410b37eb93514291481b8494f3f4ba6"}
,"/home/nick/Hexlet/project-lvl2/project-lvl2-s401/src/nodes/NodeWithChildren.js": {"path":"/home/nick/Hexlet/project-lvl2/project-lvl2-s401/src/nodes/NodeWithChildren.js","statementMap":{"0":{"start":{"line":4,"column":2},"end":{"line":4,"column":40}}},"fnMap":{"0":{"name":"NodeWithChildren","decl":{"start":{"line":3,"column":24},"end":{"line":3,"column":40}},"loc":{"start":{"line":3,"column":56},"end":{"line":5,"column":1}},"line":3}},"branchMap":{},"s":{"0":18},"f":{"0":18},"b":{},"_coverageSchema":"43e27e138ebf9cfc5966b082cf9a028302ed4184","hash":"a917aab6d66cc8e95334e3240e9fe5fb15270f4f"}
,"/home/nick/Hexlet/project-lvl2/project-lvl2-s401/src/nodes/NonUpdatedNode.js": {"path":"/home/nick/Hexlet/project-lvl2/project-lvl2-s401/src/nodes/NonUpdatedNode.js","statementMap":{"0":{"start":{"line":4,"column":2},"end":{"line":4,"column":37}}},"fnMap":{"0":{"name":"NonUpdatedNode","decl":{"start":{"line":3,"column":24},"end":{"line":3,"column":38}},"loc":{"start":{"line":3,"column":51},"end":{"line":5,"column":1}},"line":3}},"branchMap":{},"s":{"0":12},"f":{"0":12},"b":{},"_coverageSchema":"43e27e138ebf9cfc5966b082cf9a028302ed4184","hash":"af663c7e86b0b9bfb38b37f8356ca20736694b85"}
,"/home/nick/Hexlet/project-lvl2/project-lvl2-s401/src/nodes/RemovedNode.js": {"path":"/home/nick/Hexlet/project-lvl2/project-lvl2-s401/src/nodes/RemovedNode.js","statementMap":{"0":{"start":{"line":4,"column":2},"end":{"line":4,"column":37}}},"fnMap":{"0":{"name":"RemovedNode","decl":{"start":{"line":3,"column":24},"end":{"line":3,"column":35}},"loc":{"start":{"line":3,"column":48},"end":{"line":5,"column":1}},"line":3}},"branchMap":{},"s":{"0":12},"f":{"0":12},"b":{},"_coverageSchema":"43e27e138ebf9cfc5966b082cf9a028302ed4184","hash":"c94d56a85e81f8004af90f121cb67213400dedf5"}
,"/home/nick/Hexlet/project-lvl2/project-lvl2-s401/src/nodes/UpdatedNode.js": {"path":"/home/nick/Hexlet/project-lvl2/project-lvl2-s401/src/nodes/UpdatedNode.js","statementMap":{"0":{"start":{"line":4,"column":2},"end":{"line":4,"column":30}},"1":{"start":{"line":5,"column":2},"end":{"line":5,"column":33}},"2":{"start":{"line":6,"column":2},"end":{"line":6,"column":31}}},"fnMap":{"0":{"name":"UpdatedNode","decl":{"start":{"line":3,"column":24},"end":{"line":3,"column":35}},"loc":{"start":{"line":3,"column":66},"end":{"line":7,"column":1}},"line":3}},"branchMap":{},"s":{"0":12,"1":12,"2":12},"f":{"0":12},"b":{},"_coverageSchema":"43e27e138ebf9cfc5966b082cf9a028302ed4184","hash":"4b624eb916cb8729165f1798dceeeb3b765373be"}
,"/home/nick/Hexlet/project-lvl2/project-lvl2-s401/src/nodes/index.js": {"path":"/home/nick/Hexlet/project-lvl2/project-lvl2-s401/src/nodes/index.js","statementMap":{"0":{"start":{"line":8,"column":18},"end":{"line":28,"column":1}},"1":{"start":{"line":9,"column":30},"end":{"line":9,"column":47}},"2":{"start":{"line":10,"column":29},"end":{"line":10,"column":45}},"3":{"start":{"line":11,"column":2},"end":{"line":13,"column":3}},"4":{"start":{"line":12,"column":4},"end":{"line":12,"column":53}},"5":{"start":{"line":15,"column":2},"end":{"line":17,"column":3}},"6":{"start":{"line":16,"column":4},"end":{"line":16,"column":50}},"7":{"start":{"line":19,"column":2},"end":{"line":21,"column":3}},"8":{"start":{"line":20,"column":4},"end":{"line":20,"column":95}},"9":{"start":{"line":23,"column":2},"end":{"line":25,"column":3}},"10":{"start":{"line":24,"column":4},"end":{"line":24,"column":56}},"11":{"start":{"line":27,"column":2},"end":{"line":27,"column":71}}},"fnMap":{"0":{"name":"(anonymous_0)","decl":{"start":{"line":8,"column":18},"end":{"line":8,"column":19}},"loc":{"start":{"line":8,"column":71},"end":{"line":28,"column":1}},"line":8}},"branchMap":{"0":{"loc":{"start":{"line":11,"column":2},"end":{"line":13,"column":3}},"type":"if","locations":[{"start":{"line":11,"column":2},"end":{"line":13,"column":3}},{"start":{"line":11,"column":2},"end":{"line":13,"column":3}}],"line":11},"1":{"loc":{"start":{"line":15,"column":2},"end":{"line":17,"column":3}},"type":"if","locations":[{"start":{"line":15,"column":2},"end":{"line":17,"column":3}},{"start":{"line":15,"column":2},"end":{"line":17,"column":3}}],"line":15},"2":{"loc":{"start":{"line":19,"column":2},"end":{"line":21,"column":3}},"type":"if","locations":[{"start":{"line":19,"column":2},"end":{"line":21,"column":3}},{"start":{"line":19,"column":2},"end":{"line":21,"column":3}}],"line":19},"3":{"loc":{"start":{"line":19,"column":6},"end":{"line":19,"column":77}},"type":"binary-expr","locations":[{"start":{"line":19,"column":6},"end":{"line":19,"column":40}},{"start":{"line":19,"column":44},"end":{"line":19,"column":77}}],"line":19},"4":{"loc":{"start":{"line":23,"column":2},"end":{"line":25,"column":3}},"type":"if","locations":[{"start":{"line":23,"column":2},"end":{"line":25,"column":3}},{"start":{"line":23,"column":2},"end":{"line":25,"column":3}}],"line":23}},"s":{"0":1,"1":63,"2":63,"3":63,"4":12,"5":51,"6":18,"7":33,"8":9,"9":24,"10":12,"11":12},"f":{"0":63},"b":{"0":[12,51],"1":[18,33],"2":[9,24],"3":[33,12],"4":[12,12]},"_coverageSchema":"43e27e138ebf9cfc5966b082cf9a028302ed4184","hash":"ba5c7db683446485482b75f85f68d31933628066"}
,"/home/nick/Hexlet/project-lvl2/project-lvl2-s401/src/renders/AddedNodeRender.js": {"path":"/home/nick/Hexlet/project-lvl2/project-lvl2-s401/src/renders/AddedNodeRender.js","statementMap":{"0":{"start":{"line":6,"column":2},"end":{"line":6,"column":58}},"1":{"start":{"line":7,"column":2},"end":{"line":7,"column":21}},"2":{"start":{"line":10,"column":0},"end":{"line":12,"column":2}},"3":{"start":{"line":11,"column":2},"end":{"line":11,"column":119}}},"fnMap":{"0":{"name":"AddedNodeRender","decl":{"start":{"line":5,"column":9},"end":{"line":5,"column":24}},"loc":{"start":{"line":5,"column":56},"end":{"line":8,"column":1}},"line":5},"1":{"name":"toString","decl":{"start":{"line":10,"column":46},"end":{"line":10,"column":54}},"loc":{"start":{"line":10,"column":57},"end":{"line":12,"column":1}},"line":10}},"branchMap":{},"s":{"0":30,"1":30,"2":1,"3":30},"f":{"0":30,"1":30},"b":{},"_coverageSchema":"43e27e138ebf9cfc5966b082cf9a028302ed4184","hash":"0df18b71833effafc12f56d1f51e33ae3b8a2c58"}
,"/home/nick/Hexlet/project-lvl2/project-lvl2-s401/src/renders/NodeWithChildrenRender.js": {"path":"/home/nick/Hexlet/project-lvl2/project-lvl2-s401/src/renders/NodeWithChildrenRender.js","statementMap":{"0":{"start":{"line":6,"column":2},"end":{"line":6,"column":63}},"1":{"start":{"line":7,"column":2},"end":{"line":7,"column":27}},"2":{"start":{"line":8,"column":2},"end":{"line":8,"column":37}},"3":{"start":{"line":11,"column":0},"end":{"line":18,"column":2}},"4":{"start":{"line":12,"column":33},"end":{"line":12,"column":69}},"5":{"start":{"line":13,"column":15},"end":{"line":16,"column":18}},"6":{"start":{"line":17,"column":2},"end":{"line":17,"column":14}}},"fnMap":{"0":{"name":"NodeWithChildrenRender","decl":{"start":{"line":5,"column":9},"end":{"line":5,"column":31}},"loc":{"start":{"line":5,"column":81},"end":{"line":9,"column":1}},"line":5},"1":{"name":"toString","decl":{"start":{"line":11,"column":53},"end":{"line":11,"column":61}},"loc":{"start":{"line":11,"column":64},"end":{"line":18,"column":1}},"line":11}},"branchMap":{},"s":{"0":9,"1":9,"2":9,"3":1,"4":9,"5":9,"6":9},"f":{"0":9,"1":9},"b":{},"_coverageSchema":"43e27e138ebf9cfc5966b082cf9a028302ed4184","hash":"adda36c53427e8dd51020eed15fc13584637fe20"}
,"/home/nick/Hexlet/project-lvl2/project-lvl2-s401/src/renders/NonUpdatedNodeRender.js": {"path":"/home/nick/Hexlet/project-lvl2/project-lvl2-s401/src/renders/NonUpdatedNodeRender.js","statementMap":{"0":{"start":{"line":6,"column":2},"end":{"line":6,"column":63}},"1":{"start":{"line":7,"column":2},"end":{"line":7,"column":21}},"2":{"start":{"line":10,"column":0},"end":{"line":12,"column":2}},"3":{"start":{"line":11,"column":2},"end":{"line":11,"column":124}}},"fnMap":{"0":{"name":"NonUpdatedNodeRender","decl":{"start":{"line":5,"column":9},"end":{"line":5,"column":29}},"loc":{"start":{"line":5,"column":61},"end":{"line":8,"column":1}},"line":5},"1":{"name":"toString","decl":{"start":{"line":10,"column":51},"end":{"line":10,"column":59}},"loc":{"start":{"line":10,"column":62},"end":{"line":12,"column":1}},"line":10}},"branchMap":{},"s":{"0":12,"1":12,"2":1,"3":12},"f":{"0":12,"1":12},"b":{},"_coverageSchema":"43e27e138ebf9cfc5966b082cf9a028302ed4184","hash":"b90a557943fee6d8e6dba5b815f89743aff08ad9"}
,"/home/nick/Hexlet/project-lvl2/project-lvl2-s401/src/renders/RemovedNodeRender.js": {"path":"/home/nick/Hexlet/project-lvl2/project-lvl2-s401/src/renders/RemovedNodeRender.js","statementMap":{"0":{"start":{"line":6,"column":2},"end":{"line":6,"column":60}},"1":{"start":{"line":7,"column":2},"end":{"line":7,"column":21}},"2":{"start":{"line":10,"column":0},"end":{"line":12,"column":2}},"3":{"start":{"line":11,"column":2},"end":{"line":11,"column":121}}},"fnMap":{"0":{"name":"RemovedNodeRender","decl":{"start":{"line":5,"column":9},"end":{"line":5,"column":26}},"loc":{"start":{"line":5,"column":58},"end":{"line":8,"column":1}},"line":5},"1":{"name":"toString","decl":{"start":{"line":10,"column":48},"end":{"line":10,"column":56}},"loc":{"start":{"line":10,"column":59},"end":{"line":12,"column":1}},"line":10}},"branchMap":{},"s":{"0":24,"1":24,"2":1,"3":24},"f":{"0":24,"1":24},"b":{},"_coverageSchema":"43e27e138ebf9cfc5966b082cf9a028302ed4184","hash":"bd4f5e79ec1f00ec853cce5d4a63dcca82c86ff3"}
,"/home/nick/Hexlet/project-lvl2/project-lvl2-s401/src/renders/Render.js": {"path":"/home/nick/Hexlet/project-lvl2/project-lvl2-s401/src/renders/Render.js","statementMap":{"0":{"start":{"line":4,"column":2},"end":{"line":4,"column":31}},"1":{"start":{"line":5,"column":2},"end":{"line":5,"column":21}},"2":{"start":{"line":6,"column":2},"end":{"line":6,"column":19}},"3":{"start":{"line":7,"column":2},"end":{"line":7,"column":17}},"4":{"start":{"line":10,"column":0},"end":{"line":14,"column":2}},"5":{"start":{"line":11,"column":15},"end":{"line":12,"column":44}},"6":{"start":{"line":13,"column":2},"end":{"line":13,"column":14}}},"fnMap":{"0":{"name":"Render","decl":{"start":{"line":3,"column":9},"end":{"line":3,"column":15}},"loc":{"start":{"line":3,"column":46},"end":{"line":8,"column":1}},"line":3},"1":{"name":"toString","decl":{"start":{"line":10,"column":37},"end":{"line":10,"column":45}},"loc":{"start":{"line":10,"column":48},"end":{"line":14,"column":1}},"line":10}},"branchMap":{},"s":{"0":75,"1":75,"2":75,"3":75,"4":1,"5":75,"6":75},"f":{"0":75,"1":75},"b":{},"_coverageSchema":"43e27e138ebf9cfc5966b082cf9a028302ed4184","hash":"2ad53684d51d330f28072d7ff0f34179d5acb836"}
,"/home/nick/Hexlet/project-lvl2/project-lvl2-s401/src/renders/constants.js": {"path":"/home/nick/Hexlet/project-lvl2/project-lvl2-s401/src/renders/constants.js","statementMap":{"0":{"start":{"line":1,"column":27},"end":{"line":1,"column":30}},"1":{"start":{"line":2,"column":25},"end":{"line":2,"column":28}},"2":{"start":{"line":3,"column":30},"end":{"line":3,"column":33}},"3":{"start":{"line":4,"column":29},"end":{"line":4,"column":32}},"4":{"start":{"line":5,"column":31},"end":{"line":5,"column":32}},"5":{"start":{"line":6,"column":30},"end":{"line":6,"column":31}},"6":{"start":{"line":7,"column":32},"end":{"line":7,"column":33}}},"fnMap":{},"branchMap":{},"s":{"0":1,"1":1,"2":1,"3":1,"4":1,"5":1,"6":1},"f":{},"b":{},"_coverageSchema":"43e27e138ebf9cfc5966b082cf9a028302ed4184","hash":"52d8b2fb63ef394d90dd8b9bd17ae9c71489b7de"}
,"/home/nick/Hexlet/project-lvl2/project-lvl2-s401/src/renders/helper.js": {"path":"/home/nick/Hexlet/project-lvl2/project-lvl2-s401/src/renders/helper.js","statementMap":{"0":{"start":{"line":6,"column":31},"end":{"line":6,"column":69}},"1":{"start":{"line":6,"column":41},"end":{"line":6,"column":69}},"2":{"start":{"line":8,"column":35},"end":{"line":12,"column":1}},"3":{"start":{"line":9,"column":16},"end":{"line":10,"column":56}},"4":{"start":{"line":11,"column":2},"end":{"line":11,"column":32}},"5":{"start":{"line":14,"column":34},"end":{"line":14,"column":76}},"6":{"start":{"line":14,"column":40},"end":{"line":14,"column":76}},"7":{"start":{"line":15,"column":36},"end":{"line":15,"column":80}},"8":{"start":{"line":15,"column":42},"end":{"line":15,"column":80}},"9":{"start":{"line":18,"column":25},"end":{"line":29,"column":10}},"10":{"start":{"line":18,"column":56},"end":{"line":29,"column":9}},"11":{"start":{"line":22,"column":27},"end":{"line":22,"column":87}},"12":{"start":{"line":23,"column":8},"end":{"line":24,"column":57}},"13":{"start":{"line":31,"column":28},"end":{"line":34,"column":64}},"14":{"start":{"line":31,"column":69},"end":{"line":34,"column":64}}},"fnMap":{"0":{"name":"(anonymous_0)","decl":{"start":{"line":6,"column":31},"end":{"line":6,"column":32}},"loc":{"start":{"line":6,"column":41},"end":{"line":6,"column":69}},"line":6},"1":{"name":"(anonymous_1)","decl":{"start":{"line":8,"column":35},"end":{"line":8,"column":36}},"loc":{"start":{"line":8,"column":58},"end":{"line":12,"column":1}},"line":8},"2":{"name":"(anonymous_2)","decl":{"start":{"line":14,"column":34},"end":{"line":14,"column":35}},"loc":{"start":{"line":14,"column":40},"end":{"line":14,"column":76}},"line":14},"3":{"name":"(anonymous_3)","decl":{"start":{"line":15,"column":36},"end":{"line":15,"column":37}},"loc":{"start":{"line":15,"column":42},"end":{"line":15,"column":80}},"line":15},"4":{"name":"(anonymous_4)","decl":{"start":{"line":18,"column":25},"end":{"line":18,"column":26}},"loc":{"start":{"line":18,"column":56},"end":{"line":29,"column":9}},"line":18},"5":{"name":"(anonymous_5)","decl":{"start":{"line":21,"column":14},"end":{"line":21,"column":15}},"loc":{"start":{"line":21,"column":28},"end":{"line":25,"column":7}},"line":21},"6":{"name":"(anonymous_6)","decl":{"start":{"line":31,"column":28},"end":{"line":31,"column":29}},"loc":{"start":{"line":31,"column":69},"end":{"line":34,"column":64}},"line":31}},"branchMap":{"0":{"loc":{"start":{"line":18,"column":56},"end":{"line":29,"column":9}},"type":"cond-expr","locations":[{"start":{"line":19,"column":4},"end":{"line":28,"column":16}},{"start":{"line":29,"column":4},"end":{"line":29,"column":9}}],"line":18}},"s":{"0":1,"1":129,"2":1,"3":105,"4":105,"5":1,"6":75,"7":1,"8":75,"9":1,"10":66,"11":15,"12":15,"13":1,"14":0},"f":{"0":129,"1":105,"2":75,"3":75,"4":66,"5":15,"6":0},"b":{"0":[15,51]},"_coverageSchema":"43e27e138ebf9cfc5966b082cf9a028302ed4184","hash":"a8b2d08d6a7074a8abe3eb139914141db75b4c66"}
,"/home/nick/Hexlet/project-lvl2/project-lvl2-s401/src/renders/index.js": {"path":"/home/nick/Hexlet/project-lvl2/project-lvl2-s401/src/renders/index.js","statementMap":{"0":{"start":{"line":7,"column":18},"end":{"line":27,"column":1}},"1":{"start":{"line":10,"column":6},"end":{"line":10,"column":10}},"2":{"start":{"line":11,"column":2},"end":{"line":26,"column":3}},"3":{"start":{"line":13,"column":6},"end":{"line":14,"column":35}},"4":{"start":{"line":16,"column":6},"end":{"line":17,"column":70}},"5":{"start":{"line":19,"column":6},"end":{"line":19,"column":74}},"6":{"start":{"line":21,"column":6},"end":{"line":21,"column":71}},"7":{"start":{"line":23,"column":6},"end":{"line":23,"column":69}},"8":{"start":{"line":25,"column":6},"end":{"line":25,"column":52}}},"fnMap":{"0":{"name":"(anonymous_0)","decl":{"start":{"line":7,"column":18},"end":{"line":7,"column":19}},"loc":{"start":{"line":7,"column":83},"end":{"line":27,"column":1}},"line":7}},"branchMap":{"0":{"loc":{"start":{"line":7,"column":40},"end":{"line":7,"column":49}},"type":"default-arg","locations":[{"start":{"line":7,"column":48},"end":{"line":7,"column":49}}],"line":7},"1":{"loc":{"start":{"line":7,"column":51},"end":{"line":7,"column":78}},"type":"default-arg","locations":[{"start":{"line":7,"column":64},"end":{"line":7,"column":78}}],"line":7},"2":{"loc":{"start":{"line":11,"column":2},"end":{"line":26,"column":3}},"type":"switch","locations":[{"start":{"line":12,"column":4},"end":{"line":14,"column":35}},{"start":{"line":15,"column":4},"end":{"line":17,"column":70}},{"start":{"line":18,"column":4},"end":{"line":19,"column":74}},{"start":{"line":20,"column":4},"end":{"line":21,"column":71}},{"start":{"line":22,"column":4},"end":{"line":23,"column":69}},{"start":{"line":24,"column":4},"end":{"line":25,"column":52}}],"line":11}},"s":{"0":1,"1":63,"2":63,"3":9,"4":12,"5":12,"6":12,"7":18,"8":0},"f":{"0":63},"b":{"0":[0],"1":[27],"2":[9,12,12,12,18,0]},"_coverageSchema":"43e27e138ebf9cfc5966b082cf9a028302ed4184","hash":"572a30df3e64373b3bf380d8dba996b88b299496"}
}
