TN:
SF:/home/nick/Hexlet/project-lvl2/project-lvl2-s401/src/index.js
FN:3,(anonymous_0)
FNF:1
FNH:1
FNDA:6,(anonymous_0)
DA:3,6
LF:1
LH:1
BRF:0
BRH:0
end_of_record
TN:
SF:/home/nick/Hexlet/project-lvl2/project-lvl2-s401/src/lib/helper.js
FN:9,(anonymous_0)
FN:11,(anonymous_1)
FN:16,(anonymous_2)
FN:17,(anonymous_3)
FN:22,(anonymous_4)
FN:29,(anonymous_5)
FN:30,(anonymous_6)
FN:31,(anonymous_7)
FN:32,(anonymous_8)
FN:38,(anonymous_9)
FN:40,(anonymous_10)
FN:40,(anonymous_11)
FNF:12
FNH:12
FNDA:15,(anonymous_0)
FNDA:45,(anonymous_1)
FNDA:51,(anonymous_2)
FNDA:18,(anonymous_3)
FNDA:6,(anonymous_4)
FNDA:6,(anonymous_5)
FNDA:15,(anonymous_6)
FNDA:72,(anonymous_7)
FNDA:63,(anonymous_8)
FNDA:6,(anonymous_9)
FNDA:15,(anonymous_10)
FNDA:63,(anonymous_11)
DA:9,1
DA:10,15
DA:11,45
DA:15,15
DA:16,51
DA:17,18
DA:22,1
DA:23,6
DA:24,6
DA:25,6
DA:29,1
DA:30,15
DA:31,72
DA:32,63
DA:35,6
DA:38,1
DA:39,6
DA:40,63
DA:43,6
LF:19
LH:19
BRDA:32,0,0,9
BRDA:32,0,1,54
BRDA:40,1,0,6
BRF:3
BRH:3
end_of_record
TN:
SF:/home/nick/Hexlet/project-lvl2/project-lvl2-s401/src/nodes/AddedNode.js
FN:3,AddedNode
FNF:1
FNH:1
FNDA:18,AddedNode
DA:4,18
LF:1
LH:1
BRF:0
BRH:0
end_of_record
TN:
SF:/home/nick/Hexlet/project-lvl2/project-lvl2-s401/src/nodes/Node.js
FN:1,Node
FNF:1
FNH:1
FNDA:72,Node
DA:2,72
DA:3,72
DA:4,72
LF:3
LH:3
BRDA:1,0,0,30
BRDA:1,1,0,54
BRF:2
BRH:2
end_of_record
TN:
SF:/home/nick/Hexlet/project-lvl2/project-lvl2-s401/src/nodes/NodeWithChildren.js
FN:3,NodeWithChildren
FNF:1
FNH:1
FNDA:18,NodeWithChildren
DA:4,18
LF:1
LH:1
BRF:0
BRH:0
end_of_record
TN:
SF:/home/nick/Hexlet/project-lvl2/project-lvl2-s401/src/nodes/NonUpdatedNode.js
FN:3,NonUpdatedNode
FNF:1
FNH:1
FNDA:12,NonUpdatedNode
DA:4,12
LF:1
LH:1
BRF:0
BRH:0
end_of_record
TN:
SF:/home/nick/Hexlet/project-lvl2/project-lvl2-s401/src/nodes/RemovedNode.js
FN:3,RemovedNode
FNF:1
FNH:1
FNDA:12,RemovedNode
DA:4,12
LF:1
LH:1
BRF:0
BRH:0
end_of_record
TN:
SF:/home/nick/Hexlet/project-lvl2/project-lvl2-s401/src/nodes/UpdatedNode.js
FN:3,UpdatedNode
FNF:1
FNH:1
FNDA:12,UpdatedNode
DA:4,12
DA:5,12
DA:6,12
LF:3
LH:3
BRF:0
BRH:0
end_of_record
TN:
SF:/home/nick/Hexlet/project-lvl2/project-lvl2-s401/src/nodes/index.js
FN:8,(anonymous_0)
FNF:1
FNH:1
FNDA:63,(anonymous_0)
DA:8,1
DA:9,63
DA:10,63
DA:11,63
DA:12,12
DA:15,51
DA:16,18
DA:19,33
DA:20,9
DA:23,24
DA:24,12
DA:27,12
LF:12
LH:12
BRDA:11,0,0,12
BRDA:11,0,1,51
BRDA:15,1,0,18
BRDA:15,1,1,33
BRDA:19,2,0,9
BRDA:19,2,1,24
BRDA:19,3,0,33
BRDA:19,3,1,12
BRDA:23,4,0,12
BRDA:23,4,1,12
BRF:10
BRH:10
end_of_record
TN:
SF:/home/nick/Hexlet/project-lvl2/project-lvl2-s401/src/parsers/IniParser.js
FN:4,IniParser
FN:8,toObject
FNF:2
FNH:2
FNDA:4,IniParser
FNDA:4,toObject
DA:5,4
DA:8,1
DA:9,4
DA:10,4
LF:4
LH:4
BRF:0
BRH:0
end_of_record
TN:
SF:/home/nick/Hexlet/project-lvl2/project-lvl2-s401/src/parsers/JsonParser.js
FN:3,JsonParser
FN:7,toObject
FNF:2
FNH:2
FNDA:4,JsonParser
FNDA:4,toObject
DA:4,4
DA:7,1
DA:8,4
DA:9,4
LF:4
LH:4
BRF:0
BRH:0
end_of_record
TN:
SF:/home/nick/Hexlet/project-lvl2/project-lvl2-s401/src/parsers/YamlParser.js
FN:4,YamlParser
FN:8,toObject
FNF:2
FNH:2
FNDA:4,YamlParser
FNDA:4,toObject
DA:5,4
DA:8,1
DA:9,4
DA:10,4
LF:4
LH:4
BRF:0
BRH:0
end_of_record
TN:
SF:/home/nick/Hexlet/project-lvl2/project-lvl2-s401/src/parsers/helper.js
FN:6,(anonymous_0)
FNF:1
FNH:1
FNDA:12,(anonymous_0)
DA:6,1
DA:7,12
DA:8,12
DA:9,12
DA:11,12
DA:13,0
DA:14,0
DA:16,0
DA:17,0
LF:9
LH:5
BRDA:8,0,0,12
BRDA:8,0,1,0
BRF:2
BRH:1
end_of_record
TN:
SF:/home/nick/Hexlet/project-lvl2/project-lvl2-s401/src/parsers/index.js
FN:10,(anonymous_0)
FNF:1
FNH:1
FNDA:12,(anonymous_0)
DA:10,1
DA:11,12
DA:13,4
DA:15,4
DA:17,4
DA:19,0
LF:6
LH:5
BRDA:11,0,0,4
BRDA:11,0,1,4
BRDA:11,0,2,4
BRDA:11,0,3,0
BRF:4
BRH:3
end_of_record
TN:
SF:/home/nick/Hexlet/project-lvl2/project-lvl2-s401/src/renders/AddedNodeRender.js
FN:5,AddedNodeRender
FN:10,toString
FNF:2
FNH:2
FNDA:30,AddedNodeRender
FNDA:30,toString
DA:6,30
DA:7,30
DA:10,1
DA:11,30
LF:4
LH:4
BRF:0
BRH:0
end_of_record
TN:
SF:/home/nick/Hexlet/project-lvl2/project-lvl2-s401/src/renders/NodeWithChildrenRender.js
FN:5,NodeWithChildrenRender
FN:11,toString
FNF:2
FNH:2
FNDA:9,NodeWithChildrenRender
FNDA:9,toString
DA:6,9
DA:7,9
DA:8,9
DA:11,1
DA:12,9
DA:13,9
DA:17,9
LF:7
LH:7
BRF:0
BRH:0
end_of_record
TN:
SF:/home/nick/Hexlet/project-lvl2/project-lvl2-s401/src/renders/NonUpdatedNodeRender.js
FN:5,NonUpdatedNodeRender
FN:10,toString
FNF:2
FNH:2
FNDA:12,NonUpdatedNodeRender
FNDA:12,toString
DA:6,12
DA:7,12
DA:10,1
DA:11,12
LF:4
LH:4
BRF:0
BRH:0
end_of_record
TN:
SF:/home/nick/Hexlet/project-lvl2/project-lvl2-s401/src/renders/RemovedNodeRender.js
FN:5,RemovedNodeRender
FN:10,toString
FNF:2
FNH:2
FNDA:24,RemovedNodeRender
FNDA:24,toString
DA:6,24
DA:7,24
DA:10,1
DA:11,24
LF:4
LH:4
BRF:0
BRH:0
end_of_record
TN:
SF:/home/nick/Hexlet/project-lvl2/project-lvl2-s401/src/renders/Render.js
FN:3,Render
FN:10,toString
FNF:2
FNH:2
FNDA:75,Render
FNDA:75,toString
DA:4,75
DA:5,75
DA:6,75
DA:7,75
DA:10,1
DA:11,75
DA:13,75
LF:7
LH:7
BRF:0
BRH:0
end_of_record
TN:
SF:/home/nick/Hexlet/project-lvl2/project-lvl2-s401/src/renders/constants.js
FNF:0
FNH:0
DA:1,1
DA:2,1
DA:3,1
DA:4,1
DA:5,1
DA:6,1
DA:7,1
LF:7
LH:7
BRF:0
BRH:0
end_of_record
TN:
SF:/home/nick/Hexlet/project-lvl2/project-lvl2-s401/src/renders/helper.js
FN:6,(anonymous_0)
FN:8,(anonymous_1)
FN:14,(anonymous_2)
FN:15,(anonymous_3)
FN:18,(anonymous_4)
FN:21,(anonymous_5)
FN:31,(anonymous_6)
FNF:7
FNH:6
FNDA:129,(anonymous_0)
FNDA:105,(anonymous_1)
FNDA:75,(anonymous_2)
FNDA:75,(anonymous_3)
FNDA:66,(anonymous_4)
FNDA:15,(anonymous_5)
FNDA:0,(anonymous_6)
DA:6,129
DA:8,1
DA:9,105
DA:11,105
DA:14,75
DA:15,75
DA:18,66
DA:22,15
DA:23,15
DA:31,1
LF:10
LH:10
BRDA:18,0,0,15
BRDA:18,0,1,51
BRF:2
BRH:2
end_of_record
TN:
SF:/home/nick/Hexlet/project-lvl2/project-lvl2-s401/src/renders/index.js
FN:7,(anonymous_0)
FNF:1
FNH:1
FNDA:63,(anonymous_0)
DA:7,1
DA:10,63
DA:11,63
DA:13,9
DA:16,12
DA:19,12
DA:21,12
DA:23,18
DA:25,0
LF:9
LH:8
BRDA:7,0,0,0
BRDA:7,1,0,27
BRDA:11,2,0,9
BRDA:11,2,1,12
BRDA:11,2,2,12
BRDA:11,2,3,12
BRDA:11,2,4,18
BRDA:11,2,5,0
BRF:8
BRH:6
end_of_record
