TN:
SF:/home/nick/Hexlet/project-lvl2/project-lvl2-s401/src/index.js
FN:3,(anonymous_0)
FNF:1
FNH:1
FNDA:4,(anonymous_0)
DA:3,4
LF:1
LH:1
BRF:0
BRH:0
end_of_record
TN:
SF:/home/nick/Hexlet/project-lvl2/project-lvl2-s401/src/lib/helper.js
FN:8,(anonymous_0)
FN:28,(anonymous_1)
FN:37,(anonymous_2)
FN:38,(anonymous_3)
FN:43,(anonymous_4)
FN:55,(anonymous_5)
FN:65,(anonymous_6)
FN:65,(anonymous_7)
FN:66,(anonymous_8)
FN:71,(anonymous_9)
FN:72,(anonymous_10)
FN:74,(anonymous_11)
FN:75,(anonymous_12)
FN:77,(anonymous_13)
FN:83,(anonymous_14)
FNF:15
FNH:15
FNDA:12,(anonymous_0)
FNDA:28,(anonymous_1)
FNDA:8,(anonymous_2)
FNDA:28,(anonymous_3)
FNDA:4,(anonymous_4)
FNDA:48,(anonymous_5)
FNDA:4,(anonymous_6)
FNDA:32,(anonymous_7)
FNDA:24,(anonymous_8)
FNDA:4,(anonymous_9)
FNDA:24,(anonymous_10)
FNDA:4,(anonymous_11)
FNDA:24,(anonymous_12)
FNDA:84,(anonymous_13)
FNDA:4,(anonymous_14)
DA:6,1
DA:8,1
DA:9,12
DA:10,12
DA:11,8
DA:12,8
DA:14,4
DA:15,4
DA:17,0
DA:18,0
DA:22,1
DA:28,1
DA:29,28
DA:30,16
DA:34,12
DA:37,8
DA:38,28
DA:43,1
DA:44,4
DA:45,4
DA:46,4
DA:55,1
DA:56,48
DA:57,24
DA:59,24
DA:60,16
DA:62,8
DA:65,32
DA:67,24
DA:68,24
DA:71,4
DA:72,24
DA:74,4
DA:76,24
DA:77,24
DA:78,84
DA:79,84
DA:83,1
DA:84,4
DA:85,4
DA:86,4
LF:41
LH:39
BRDA:10,0,0,8
BRDA:10,0,1,4
BRDA:29,1,0,16
BRDA:29,1,1,12
BRDA:30,2,0,8
BRDA:30,2,1,8
BRDA:56,3,0,24
BRDA:56,3,1,24
BRDA:59,4,0,16
BRDA:59,4,1,8
BRDA:65,5,0,32
BRDA:65,5,1,28
BRDA:74,6,0,4
BRDA:74,6,1,4
BRDA:79,7,0,84
BRDA:79,7,1,84
BRDA:79,7,2,40
BRDA:79,7,3,24
BRF:18
BRH:18
end_of_record
TN:
SF:/home/nick/Hexlet/project-lvl2/project-lvl2-s401/src/lib/parsers.js
FN:7,(anonymous_0)
FN:9,(anonymous_1)
FN:14,(anonymous_2)
FNF:3
FNH:3
FNDA:8,(anonymous_0)
FNDA:8,(anonymous_1)
FNDA:8,(anonymous_2)
DA:7,8
DA:9,8
DA:14,8
LF:3
LH:3
BRF:0
BRH:0
end_of_record
